Package: abcde
Status: install ok installed
Priority: optional
Section: sound
Installed-Size: 282
Maintainer: Jesus Climent <jesus.climent@hispalinux.es>
Architecture: all
Version: 2.5.3-1
Depends: cd-discid, wget, cdparanoia | icedax, vorbis-tools (>= 1.0beta4-1) | lame | flac | bladeenc | speex
Recommends: vorbis-tools, libmusicbrainz-discid-perl, libwebservice-musicbrainz-perl, libdigest-sha-perl, mailx
Suggests: eject, distmp3, id3 (>= 0.12), id3v2, eyed3, normalize-audio, vorbisgain, mkcue, mp3gain, atomicparsley
Conffiles:
 /etc/abcde.conf 6123bcbdb6204f9a2193f560e2cf5014
Description: A Better CD Encoder
 A frontend program to cdparanoia, wget, cd-discid, id3, and your favorite
 Ogg/Vorbis, MP3, FLAC, Ogg/Speex and/or MPP/MP+(Musepack) encoder (defaults
 to oggenc). Grabs an entire CD and converts each track to the specified
 formats and then comments or ID3-tags each file, with one command.
 .
 With abcde you can encode several formats with one single command, using a
 single CD read operation. It also allows you to read and encode while not
 on the internet, and later query a CDDB server to tag your files.
Homepage: http://code.google.com/p/abcde/
