Loaded plugins: fastestmirror
Loading mirror speeds from cached hostfile
 * base: mirror.nextlayer.at
 * centosplus: mirror.nextlayer.at
 * extras: mirror.nextlayer.at
 * updates: mirror.nextlayer.at
Resolving Dependencies
--> Running transaction check
---> Package postfix.x86_64 2:2.10.1-6.el7 will be updated
---> Package postfix.x86_64 2:2.10.1-6.0.1.el7.centos will be an update
--> Processing Dependency: libpq.so.5()(64bit) for package: 2:postfix-2.10.1-6.0.1.el7.centos.x86_64
--> Running transaction check
---> Package postgresql-libs.x86_64 0:9.2.10-2.el7_1 will be installed
--> Finished Dependency Resolution

Dependencies Resolved

================================================================================
 Package            Arch      Version                       Repository     Size
================================================================================
Updating:
 postfix            x86_64    2:2.10.1-6.0.1.el7.centos     centosplus    2.5 M
Installing for dependencies:
 postgresql-libs    x86_64    9.2.10-2.el7_1                updates       230 k

Transaction Summary
================================================================================
Install             ( 1 Dependent package)
Upgrade  1 Package

Total download size: 2.7 M
Downloading packages:
Delta RPMs disabled because /usr/bin/applydeltarpm not installed.
--------------------------------------------------------------------------------
Total                                              382 kB/s | 2.7 MB  00:07     
Running transaction check
Running transaction test
Transaction test succeeded
Running transaction
  Installing : postgresql-libs-9.2.10-2.el7_1.x86_64                        1/3 
  Updating   : 2:postfix-2.10.1-6.0.1.el7.centos.x86_64                     2/3 
  Cleanup    : 2:postfix-2.10.1-6.el7.x86_64                                3/3 
  Verifying  : postgresql-libs-9.2.10-2.el7_1.x86_64                        1/3 
  Verifying  : 2:postfix-2.10.1-6.0.1.el7.centos.x86_64                     2/3 
  Verifying  : 2:postfix-2.10.1-6.el7.x86_64                                3/3 

Dependency Installed:
  postgresql-libs.x86_64 0:9.2.10-2.el7_1                                       

Updated:
  postfix.x86_64 2:2.10.1-6.0.1.el7.centos                                      

Complete!
